=== Trading Bot Monitor ===
Mode: Remote
Time: 2025-03-05 01:44:09
==============================

=== Bot Status ===
Found PuTTY at: C:\Program Files\PuTTY
INFO: Could not find files for the given pattern(s).
Traceback (most recent call last):
  File "C:\Users\abbey\OneDrive\Documents\Danny\OneDrive\Desktop\CryptoScript\monitor_trading_bot.py", line 309, in check_bot_status
    result = subprocess.check_output(cmd, shell=True).decode('utf-8').strip()
             ^^^^^^^^^^^^^^^^^^^^^^^^^^^^^^^^^^^^^^^^
  File "C:\Users\abbey\.conda\envs\trading\Lib\subprocess.py", line 466, in check_output
    return run(*popenargs, stdout=PIPE, timeout=timeout, check=True,
           ^^^^^^^^^^^^^^^^^^^^^^^^^^^^^^^^^^^^^^^^^^^^^^^^^^^^^^^^^
  File "C:\Users\abbey\.conda\envs\trading\Lib\subprocess.py", line 571, in run
    raise CalledProcessError(retcode, process.args,
subprocess.CalledProcessError: Command 'echo 4O9gNnSt | "C:\Program Files\PuTTY\plink.exe" -pw 4O9gNnSt root@217.154.11.242 "ps aux | grep crypto_trading_bot.py | grep -v grep"' returned non-zero exit status 1.

During handling of the above exception, another exception occurred:

Traceback (most recent call last):
  File "C:\Users\abbey\OneDrive\Documents\Danny\OneDrive\Desktop\CryptoScript\monitor_trading_bot.py", line 383, in <module>
    main() 
    ^^^^^^
  File "C:\Users\abbey\OneDrive\Documents\Danny\OneDrive\Desktop\CryptoScript\monitor_trading_bot.py", line 343, in main
    bot_running = check_bot_status(args.remote)
                  ^^^^^^^^^^^^^^^^^^^^^^^^^^^^^
  File "C:\Users\abbey\OneDrive\Documents\Danny\OneDrive\Desktop\CryptoScript\monitor_trading_bot.py", line 317, in check_bot_status
    print("Bot Status: \u274c Not running on remote server")
  File "C:\Users\abbey\.conda\envs\trading\Lib\encodings\cp1252.py", line 19, in encode
    return codecs.charmap_encode(input,self.errors,encoding_table)[0]
           ^^^^^^^^^^^^^^^^^^^^^^^^^^^^^^^^^^^^^^^^^^^^^^^^^^^^^^^
UnicodeEncodeError: 'charmap' codec can't encode character '\u274c' in position 12: character maps to <undefined>
